{"contracts\\Coin.sol":{"l":{"17":3,"20":3,"24":1,"25":1,"26":1,"27":1,"28":1,"32":2},"path":"C:\\Users\\Donely\\Desktop\\goodGuyCoin\\contracts\\Coin.sol","s":{"1":3,"2":3,"3":1,"4":1,"5":1,"6":1,"7":1,"8":2},"b":{},"f":{"1":3,"2":3,"3":1,"4":2},"fnMap":{"1":{"name":"constructor","line":16,"loc":{"start":{"line":16,"column":2},"end":{"line":18,"column":2}}},"2":{"name":"totalSupply","line":19,"loc":{"start":{"line":19,"column":2},"end":{"line":21,"column":2}}},"3":{"name":"depositxDai","line":23,"loc":{"start":{"line":23,"column":2},"end":{"line":29,"column":2}}},"4":{"name":"balanceOf","line":30,"loc":{"start":{"line":30,"column":2},"end":{"line":33,"column":4}}}},"statementMap":{"1":{"start":{"line":17,"column":4},"end":{"line":17,"column":19}},"2":{"start":{"line":20,"column":4},"end":{"line":20,"column":23}},"3":{"start":{"line":24,"column":4},"end":{"line":24,"column":31}},"4":{"start":{"line":25,"column":4},"end":{"line":25,"column":30}},"5":{"start":{"line":26,"column":4},"end":{"line":26,"column":39}},"6":{"start":{"line":27,"column":4},"end":{"line":27,"column":62}},"7":{"start":{"line":28,"column":4},"end":{"line":28,"column":15}},"8":{"start":{"line":32,"column":6},"end":{"line":32,"column":38}}},"branchMap":{}}}